<?xml version="1.0" encoding="UTF-8"?>
<coverage generated="1728854701375" clover="3.2.0">
  <project timestamp="1728854701375" name="All files">
    <metrics statements="11" coveredstatements="4" conditionals="9" coveredconditionals="0" methods="3" coveredmethods="1" elements="23" coveredelements="5" complexity="0" loc="11" ncloc="11" packages="1" files="1" classes="1"/>
    <file name="globalUtils.ts" path="C:\Users\MyBook Hype AMD\Documents\kerja\my-food-facts\src\utils\globalUtils.ts">
      <metrics statements="11" coveredstatements="4" conditionals="9" coveredconditionals="0" methods="3" coveredmethods="1"/>
      <line num="1" count="1" type="stmt"/>
      <line num="2" count="6" type="stmt"/>
      <line num="5" count="1" type="stmt"/>
      <line num="6" count="0" type="cond" truecount="0" falsecount="5"/>
      <line num="8" count="0" type="stmt"/>
      <line num="10" count="0" type="stmt"/>
      <line num="12" count="0" type="stmt"/>
      <line num="14" count="0" type="stmt"/>
      <line num="16" count="0" type="stmt"/>
      <line num="20" count="1" type="cond" truecount="0" falsecount="2"/>
      <line num="21" count="0" type="cond" truecount="0" falsecount="2"/>
    </file>
  </project>
</coverage>
