{"C:\\Users\\MyBook Hype AMD\\Documents\\kerja\\my-food-facts\\src\\utils\\globalUtils.ts": {"path":"C:\\Users\\MyBook Hype AMD\\Documents\\kerja\\my-food-facts\\src\\utils\\globalUtils.ts","statementMap":{"0":{"start":{"line":1,"column":25},"end":{"line":3,"column":1}},"1":{"start":{"line":2,"column":2},"end":{"line":2,"column":35}},"2":{"start":{"line":1,"column":13},"end":{"line":1,"column":25}},"3":{"start":{"line":5,"column":42},"end":{"line":18,"column":1}},"4":{"start":{"line":6,"column":2},"end":{"line":17,"column":3}},"5":{"start":{"line":8,"column":6},"end":{"line":8,"column":23}},"6":{"start":{"line":10,"column":6},"end":{"line":10,"column":23}},"7":{"start":{"line":12,"column":6},"end":{"line":12,"column":30}},"8":{"start":{"line":14,"column":6},"end":{"line":14,"column":23}},"9":{"start":{"line":16,"column":6},"end":{"line":16,"column":16}},"10":{"start":{"line":5,"column":13},"end":{"line":5,"column":42}},"11":{"start":{"line":20,"column":28},"end":{"line":22,"column":1}},"12":{"start":{"line":21,"column":2},"end":{"line":21,"column":50}},"13":{"start":{"line":20,"column":13},"end":{"line":20,"column":28}}},"fnMap":{"0":{"name":"(anonymous_0)","decl":{"start":{"line":1,"column":25},"end":{"line":1,"column":26}},"loc":{"start":{"line":1,"column":41},"end":{"line":3,"column":1}}},"1":{"name":"(anonymous_1)","decl":{"start":{"line":5,"column":42},"end":{"line":5,"column":43}},"loc":{"start":{"line":5,"column":59},"end":{"line":18,"column":1}}},"2":{"name":"(anonymous_2)","decl":{"start":{"line":20,"column":28},"end":{"line":20,"column":29}},"loc":{"start":{"line":20,"column":64},"end":{"line":22,"column":1}}}},"branchMap":{"0":{"loc":{"start":{"line":6,"column":2},"end":{"line":17,"column":3}},"type":"switch","locations":[{"start":{"line":7,"column":4},"end":{"line":8,"column":23}},{"start":{"line":9,"column":4},"end":{"line":10,"column":23}},{"start":{"line":11,"column":4},"end":{"line":12,"column":30}},{"start":{"line":13,"column":4},"end":{"line":14,"column":23}},{"start":{"line":15,"column":4},"end":{"line":16,"column":16}}]},"1":{"loc":{"start":{"line":20,"column":43},"end":{"line":20,"column":50}},"type":"default-arg","locations":[{"start":{"line":20,"column":49},"end":{"line":20,"column":50}}]},"2":{"loc":{"start":{"line":20,"column":52},"end":{"line":20,"column":60}},"type":"default-arg","locations":[{"start":{"line":20,"column":58},"end":{"line":20,"column":60}}]},"3":{"loc":{"start":{"line":21,"column":9},"end":{"line":21,"column":49}},"type":"binary-expr","locations":[{"start":{"line":21,"column":9},"end":{"line":21,"column":27}},{"start":{"line":21,"column":31},"end":{"line":21,"column":49}}]}},"s":{"0":1,"1":6,"2":1,"3":1,"4":0,"5":0,"6":0,"7":0,"8":0,"9":0,"10":1,"11":1,"12":0,"13":1},"f":{"0":6,"1":0,"2":0},"b":{"0":[0,0,0,0,0],"1":[0],"2":[0],"3":[0,0]}}
}
